<?xml version="1.0" encoding="UTF-8"?>
<testsuites tests="5" failures="0" errors="0" skipped="0">
  <testsuite name="BackstopJS" tests="5" failures="0" errors="0" skipped="0">
    <testcase classname="document" name=" ›› proj-agilemind-intake-questionnaire-agilemind"/>
    <testcase classname="document" name=" ›› proj-homage-intake-questionnaire-homage"/>
    <testcase classname="document" name=" ›› fb-intake-agilemind"/>
    <testcase classname="document" name=" ›› fb-intake-homage"/>
    <testcase classname="document" name=" ›› fb-intake-pacific-title-company"/>
  </testsuite>
</testsuites>